<?xml version="1.0" encoding="UTF-8"?>
<!-- Generated by org.testng.reporters.JUnitXMLReporter -->
<testsuite ignored="0" hostname="pc0460" failures="1" tests="2" name="Login run-1" time="3.105" errors="0" timestamp="2024-10-15T11:40:59 IST">
  <testcase classname="Package_1.LoginTest" name="test_1" time="1.207"/>
  <testcase classname="Package_1.LoginTest" name="test_2" time="0.761">
    <failure type="java.lang.AssertionError" message="expected [Admin :: ] but found [Admin :: Dashboard]">
      <![CDATA[java.lang.AssertionError: expected [Admin :: ] but found [Admin :: Dashboard]
at TestNGPackage.Login.tc_2(Login.java:49)
at Package_1.LoginTest.test_2(LoginTest.java:37)
at java.base/java.util.ArrayList.forEach(ArrayList.java:1597)
... Removed 31 stack frames]]>
    </failure>
  </testcase> <!-- test_2 -->
</testsuite> <!-- Login run-1 -->
