<?xml version="1.0" encoding="UTF-8"?>
<!-- Generated by org.testng.reporters.JUnitXMLReporter -->
<testsuite ignored="0" hostname="pc0460" failures="0" tests="4" name="payment_terms_test" time="5.926" errors="0" timestamp="2024-10-15T18:59:16 IST">
  <testcase classname="Assignments_Packages.TestPaymentTermsCRUD" name="addPaymentTerm" time="2.509"/>
  <testcase classname="Assignments_Packages.TestPaymentTermsCRUD" name="EditPaymentTerm" time="1.384"/>
  <testcase classname="Assignments_Packages.TestPaymentTermsCRUD" name="viewPaymentTerm" time="1.366"/>
  <testcase classname="Assignments_Packages.TestPaymentTermsCRUD" name="deletePaymentTerm" time="0.617"/>
</testsuite> <!-- payment_terms_test -->
