<?xml version="1.0" encoding="UTF-8"?>
<!-- Generated by org.testng.reporters.JUnitXMLReporter -->
<testsuite ignored="0" hostname="pc0460" failures="0" tests="4" name="payment_terms_test" time="6.45" errors="0" timestamp="2024-10-18T10:44:43 IST">
  <testcase classname="Assignments_Packages.TestPaymentTermsCRUD" name="addPaymentTerm" time="3.005"/>
  <testcase classname="Assignments_Packages.TestPaymentTermsCRUD" name="EditPaymentTerm" time="1.394"/>
  <testcase classname="Assignments_Packages.TestPaymentTermsCRUD" name="viewPaymentTerm" time="1.338"/>
  <testcase classname="Assignments_Packages.TestPaymentTermsCRUD" name="deletePaymentTerm" time="0.652"/>
</testsuite> <!-- payment_terms_test -->
