<?xml version="1.0" encoding="UTF-8"?>
<!-- Generated by org.testng.reporters.JUnitXMLReporter -->
<testsuite ignored="0" hostname="pc0460" failures="0" tests="4" name="WorkFlow Test-2" time="27.036" errors="0" timestamp="2024-10-22T17:50:55 IST">
  <testcase classname="Assignments_Packages.WorkFlow_Roles_Test" name="addRole" time="7.526"/>
  <testcase classname="Assignments_Packages.WorkFlow_Roles_Test" name="editRole" time="8.25"/>
  <testcase classname="Assignments_Packages.WorkFlow_Roles_Test" name="viewRole" time="1.457"/>
  <testcase classname="Assignments_Packages.WorkFlow_Roles_Test" name="deleteRole" time="0.761"/>
</testsuite> <!-- WorkFlow Test-2 -->
