<?xml version="1.0" encoding="UTF-8"?>
<!-- Generated by org.testng.reporters.JUnitXMLReporter -->
<testsuite ignored="0" hostname="pc0460" failures="0" tests="4" name="WorkFlow Test-1" time="14.558" errors="0" timestamp="2024-10-22T17:50:28 IST">
  <testcase classname="Assignments_Packages.WorkFlow_Roles_Test" name="addRole" time="3.933"/>
  <testcase classname="Assignments_Packages.WorkFlow_Roles_Test" name="editRole" time="3.617"/>
  <testcase classname="Assignments_Packages.WorkFlow_Roles_Test" name="viewRole" time="0.843"/>
  <testcase classname="Assignments_Packages.WorkFlow_Roles_Test" name="deleteRole" time="0.609"/>
</testsuite> <!-- WorkFlow Test-1 -->
