<?xml version="1.0" encoding="UTF-8"?>
<!-- Generated by org.testng.reporters.JUnitXMLReporter -->
<testsuite ignored="0" hostname="pc0460" failures="0" tests="4" name="WorkFlow Test-3" time="12.881" errors="0" timestamp="2024-10-22T17:51:08 IST">
  <testcase classname="Assignments_Packages.WorkFlow_Roles_Test" name="addRole" time="3.123"/>
  <testcase classname="Assignments_Packages.WorkFlow_Roles_Test" name="editRole" time="3.785"/>
  <testcase classname="Assignments_Packages.WorkFlow_Roles_Test" name="viewRole" time="0.998"/>
  <testcase classname="Assignments_Packages.WorkFlow_Roles_Test" name="deleteRole" time="0.662"/>
</testsuite> <!-- WorkFlow Test-3 -->
