<?xml version="1.0" encoding="UTF-8"?>
<!-- Generated by org.testng.reporters.JUnitXMLReporter -->
<testsuite ignored="0" hostname="pc0460" failures="0" tests="4" name="ProductCRUDTest" time="23.473" errors="0" timestamp="2024-10-19T13:14:54 IST">
  <testcase classname="Assignments_Packages.Product_Test" name="createProduct" time="6.647"/>
  <testcase classname="Assignments_Packages.Product_Test" name="editProduct" time="7.485"/>
  <testcase classname="Assignments_Packages.Product_Test" name="viewProduct" time="2.921"/>
  <testcase classname="Assignments_Packages.Product_Test" name="deleteProduct" time="2.853"/>
</testsuite> <!-- ProductCRUDTest -->
