<?xml version="1.0" encoding="UTF-8"?>
<testng-results ignored="0" total="3" passed="3" failed="0" skipped="0">
  <reporter-output>
  </reporter-output>
  <suite started-at="2024-10-15T19:10:33 IST" name="suite-1" finished-at="2024-10-15T19:10:52 IST" duration-ms="19387">
    <groups>
    </groups>
    <test started-at="2024-10-15T19:10:33 IST" name="test-customer-add" finished-at="2024-10-15T19:10:52 IST" duration-ms="19387">
      <class name="Assignments_Packages.TestCustomerAdd">
        <test-method is-config="true" signature="beforeSuite()[pri:0, instance:Assignments_Packages.TestCustomerAdd@7526515b]" started-at="2024-10-15T19:10:25 IST" name="beforeSuite" finished-at="2024-10-15T19:10:33 IST" duration-ms="7463" status="PASS">
          <reporter-output>
          </reporter-output>
        </test-method> <!-- beforeSuite -->
        <test-method is-config="true" signature="beforeMethod()[pri:0, instance:Assignments_Packages.TestCustomerAdd@7526515b]" started-at="2024-10-15T19:10:33 IST" name="beforeMethod" finished-at="2024-10-15T19:10:33 IST" duration-ms="600" status="PASS">
          <reporter-output>
          </reporter-output>
        </test-method> <!-- beforeMethod -->
        <test-method signature="customerAdd_1()[pri:0, instance:Assignments_Packages.TestCustomerAdd@7526515b]" started-at="2024-10-15T19:10:33 IST" name="customerAdd_1" finished-at="2024-10-15T19:10:40 IST" duration-ms="7121" status="PASS">
          <reporter-output>
          </reporter-output>
        </test-method> <!-- customerAdd_1 -->
        <test-method is-config="true" signature="beforeMethod()[pri:0, instance:Assignments_Packages.TestCustomerAdd@7526515b]" started-at="2024-10-15T19:10:40 IST" name="beforeMethod" finished-at="2024-10-15T19:10:41 IST" duration-ms="575" status="PASS">
          <reporter-output>
          </reporter-output>
        </test-method> <!-- beforeMethod -->
        <test-method signature="customerAdd_2()[pri:0, instance:Assignments_Packages.TestCustomerAdd@7526515b]" started-at="2024-10-15T19:10:41 IST" name="customerAdd_2" finished-at="2024-10-15T19:10:46 IST" duration-ms="5103" status="PASS">
          <reporter-output>
          </reporter-output>
        </test-method> <!-- customerAdd_2 -->
        <test-method is-config="true" signature="beforeMethod()[pri:0, instance:Assignments_Packages.TestCustomerAdd@7526515b]" started-at="2024-10-15T19:10:46 IST" name="beforeMethod" finished-at="2024-10-15T19:10:47 IST" duration-ms="576" status="PASS">
          <reporter-output>
          </reporter-output>
        </test-method> <!-- beforeMethod -->
        <test-method signature="customerAdd_3()[pri:0, instance:Assignments_Packages.TestCustomerAdd@7526515b]" started-at="2024-10-15T19:10:47 IST" name="customerAdd_3" finished-at="2024-10-15T19:10:52 IST" duration-ms="5320" status="PASS">
          <reporter-output>
          </reporter-output>
        </test-method> <!-- customerAdd_3 -->
        <test-method is-config="true" signature="afterSuite()[pri:0, instance:Assignments_Packages.TestCustomerAdd@7526515b]" started-at="2024-10-15T19:10:52 IST" name="afterSuite" finished-at="2024-10-15T19:10:53 IST" duration-ms="1078" status="PASS">
          <reporter-output>
          </reporter-output>
        </test-method> <!-- afterSuite -->
      </class> <!-- Assignments_Packages.TestCustomerAdd -->
    </test> <!-- test-customer-add -->
  </suite> <!-- suite-1 -->
</testng-results>
