<?xml version="1.0" encoding="UTF-8"?>
<!-- Generated by org.testng.reporters.JUnitXMLReporter -->
<testsuite ignored="1" hostname="pc0460" failures="0" tests="2" name="TestSuite" time="0.057" errors="0" timestamp="2024-10-18T17:31:00 IST">
  <testcase classname="TestNGPackage.group_debug" name="edit" time="0.017"/>
  <testcase classname="TestNGPackage.group_debug" name="login" time="0.003"/>
  <testcase classname="TestNGPackage.group_debug" name="dummyTest" time="0.0">
    <ignored/>
  </testcase> <!-- dummyTest -->
</testsuite> <!-- TestSuite -->
