<?xml version="1.0" encoding="UTF-8"?>
<!-- Generated by org.testng.reporters.JUnitXMLReporter -->
<testsuite ignored="1" hostname="pc0460" failures="2" tests="2" name="Test" time="0.046" errors="0" timestamp="2024-10-18T17:53:02 IST">
  <testcase classname="Package_1.NewTest" name="loginpage1" time="0.01">
    <failure type="java.lang.Error" message="Unresolved compilation problems: 
	driver cannot be resolved
	driver cannot be resolved
	driver cannot be resolved
	driver cannot be resolved
	driver cannot be resolved
">
      <![CDATA[java.lang.Error: Unresolved compilation problems: 
driver cannot be resolved
driver cannot be resolved
driver cannot be resolved
driver cannot be resolved
driver cannot be resolved

at Assignments.AddUser.loginpage(AddUser.java:16)
at Package_1.NewTest.loginpage1(NewTest.java:13)
at java.base/java.util.ArrayList.forEach(ArrayList.java:1597)
... Removed 25 stack frames]]>
    </failure>
  </testcase> <!-- loginpage1 -->
  <testcase classname="Package_1.NewTest" name="adduser1" time="0.001">
    <failure type="java.lang.Error" message="Unresolved compilation problems: 
	driver cannot be resolved
	driver cannot be resolved
	driver cannot be resolved
	driver cannot be resolved
	driver cannot be resolved
	driver cannot be resolved
	driver cannot be resolved
	driver cannot be resolved
">
      <![CDATA[java.lang.Error: Unresolved compilation problems: 
driver cannot be resolved
driver cannot be resolved
driver cannot be resolved
driver cannot be resolved
driver cannot be resolved
driver cannot be resolved
driver cannot be resolved
driver cannot be resolved

at Assignments.AddUser.adduser(AddUser.java:27)
at Package_1.NewTest.adduser1(NewTest.java:19)
at java.base/java.util.ArrayList.forEach(ArrayList.java:1597)
... Removed 25 stack frames]]>
    </failure>
  </testcase> <!-- adduser1 -->
  <testcase classname="Package_1.NewTest" name="edituser1" time="0.0">
    <ignored/>
  </testcase> <!-- edituser1 -->
</testsuite> <!-- Test -->
