<?xml version="1.0" encoding="UTF-8"?>
<!-- Generated by org.testng.reporters.JUnitXMLReporter -->
<testsuite ignored="0" hostname="pc0460" failures="0" tests="4" name="ProductCRUDTest" time="21.38" errors="0" timestamp="2024-10-22T12:14:44 IST">
  <testcase classname="Assignments_Packages.Product_Test" name="createProduct" time="6.372"/>
  <testcase classname="Assignments_Packages.Product_Test" name="editProduct" time="7.137"/>
  <testcase classname="Assignments_Packages.Product_Test" name="viewProduct" time="2.669"/>
  <testcase classname="Assignments_Packages.Product_Test" name="deleteProduct" time="1.857"/>
</testsuite> <!-- ProductCRUDTest -->
