<?xml version="1.0" encoding="UTF-8"?>
<!-- Generated by org.testng.reporters.JUnitXMLReporter -->
<testsuite ignored="3" hostname="pc0460" failures="0" tests="1" name="Default test" time="8.408" errors="0" timestamp="2024-10-19T13:11:03 IST">
  <testcase classname="Assignments_Packages.Product_Test" name="editProduct" time="7.769"/>
  <testcase classname="Assignments_Packages.Product_Test" name="createProduct" time="0.0">
    <ignored/>
  </testcase> <!-- createProduct -->
  <testcase classname="Assignments_Packages.Product_Test" name="viewProduct" time="0.0">
    <ignored/>
  </testcase> <!-- viewProduct -->
  <testcase classname="Assignments_Packages.Product_Test" name="deleteProduct" time="0.0">
    <ignored/>
  </testcase> <!-- deleteProduct -->
</testsuite> <!-- Default test -->
