<?xml version="1.0" encoding="UTF-8"?>
<!-- Generated by org.testng.reporters.JUnitXMLReporter -->
<testsuite ignored="0" hostname="pc0460" failures="1" tests="1" name="test1" time="0.061" errors="0" timestamp="2024-10-21T15:07:04 IST">
  <testcase classname="Package_1.parameters_test" name="test1" time="0.018">
    <failure type="org.testng.internal.reflect.MethodMatcherException" message="
[public static void Package_1.parameters_test.test1(java.lang.Object[][])] has no parameters defined but was found to be using a data provider (either explicitly specified or inherited from class level annotation).
Data provider mismatch
Method: test1([Parameter{index=0, type=[[Ljava.lang.Object;, declaredAnnotations=[]}])
Arguments: [(java.lang.String) admin,(java.lang.String) Admin095]">
      <![CDATA[org.testng.internal.reflect.MethodMatcherException: 
[public static void Package_1.parameters_test.test1(java.lang.Object[][])] has no parameters defined but was found to be using a data provider (either explicitly specified or inherited from class level annotation).
Data provider mismatch
Method: test1([Parameter{index=0, type=[[Ljava.lang.Object;, declaredAnnotations=[]}])
Arguments: [(java.lang.String) admin,(java.lang.String) Admin095]
at java.base/java.util.ArrayList.forEach(ArrayList.java:1597)
... Removed 22 stack frames]]>
    </failure>
  </testcase> <!-- test1 -->
</testsuite> <!-- test1 -->
